-------------------------------------------------------------------------------
Test set: UIRegressionRunner
-------------------------------------------------------------------------------
Tests run: 9, Failures: 0, Errors: 9, Skipped: 0, Time elapsed: 22.118 s <<< FAILURE! - in UIRegressionRunner
Positive Case: As a user I want to successfully create Digital bank account  Time elapsed: 14.009 s  <<< ERROR!
org.openqa.selenium.NoSuchWindowException: 
Browsing context has been discarded
Build info: version: '3.141.59', revision: 'e82be7d358', time: '2018-11-14T08:17:03'
System info: host: 'user1s-MacBook-Pro.local', ip: '2601:5c1:4401:43c0:0:0:0:525a%en0', os.name: 'Mac OS X', os.arch: 'x86_64', os.version: '12.6.8', java.version: '19.0.1'
Driver info: org.openqa.selenium.firefox.FirefoxDriver
Capabilities {acceptInsecureCerts: true, browserName: firefox, browserVersion: 118.0.2, javascriptEnabled: true, moz:accessibilityChecks: false, moz:buildID: 20231009140911, moz:geckodriverVersion: 0.33.0, moz:headless: false, moz:platformVersion: 21.6.0, moz:processID: 10659, moz:profile: /var/folders/tv/gdz5bgzj6bx..., moz:shutdownTimeout: 60000, moz:webdriverClick: true, moz:windowless: false, pageLoadStrategy: normal, platform: MAC, platformName: MAC, proxy: Proxy(), setWindowRect: true, strictFileInteractability: false, timeouts: {implicit: 0, pageLoad: 300000, script: 30000}, unhandledPromptBehavior: dismiss and notify}
Session ID: c17bee2d-b3fc-433b-b83f-8a06e896d8d8
*** Element info: {Using=id, value=address}

Example #1  Time elapsed: 1.972 s  <<< ERROR!
io.cucumber.core.exception.CucumberException: Failed to instantiate class co.wedevx.digitalbank.automation.ui.steps.RegistrationSteps
Caused by: java.lang.reflect.InvocationTargetException
Caused by: org.openqa.selenium.NoSuchWindowException: 
Browsing context has been discarded
Build info: version: '3.141.59', revision: 'e82be7d358', time: '2018-11-14T08:17:03'
System info: host: 'user1s-MacBook-Pro.local', ip: '2601:5c1:4401:43c0:0:0:0:525a%en0', os.name: 'Mac OS X', os.arch: 'x86_64', os.version: '12.6.8', java.version: '19.0.1'
Driver info: org.openqa.selenium.firefox.FirefoxDriver
Capabilities {acceptInsecureCerts: true, browserName: firefox, browserVersion: 118.0.2, javascriptEnabled: true, moz:accessibilityChecks: false, moz:buildID: 20231009140911, moz:geckodriverVersion: 0.33.0, moz:headless: false, moz:platformVersion: 21.6.0, moz:processID: 10659, moz:profile: /var/folders/tv/gdz5bgzj6bx..., moz:shutdownTimeout: 60000, moz:webdriverClick: true, moz:windowless: false, pageLoadStrategy: normal, platform: MAC, platformName: MAC, proxy: Proxy(), setWindowRect: true, strictFileInteractability: false, timeouts: {implicit: 0, pageLoad: 300000, script: 30000}, unhandledPromptBehavior: dismiss and notify}
Session ID: c17bee2d-b3fc-433b-b83f-8a06e896d8d8

Example #2  Time elapsed: 0.784 s  <<< ERROR!
io.cucumber.core.exception.CucumberException: Failed to instantiate class co.wedevx.digitalbank.automation.ui.steps.RegistrationSteps
Caused by: java.lang.reflect.InvocationTargetException
Caused by: org.openqa.selenium.NoSuchWindowException: 
Browsing context has been discarded
Build info: version: '3.141.59', revision: 'e82be7d358', time: '2018-11-14T08:17:03'
System info: host: 'user1s-MacBook-Pro.local', ip: '2601:5c1:4401:43c0:0:0:0:525a%en0', os.name: 'Mac OS X', os.arch: 'x86_64', os.version: '12.6.8', java.version: '19.0.1'
Driver info: org.openqa.selenium.firefox.FirefoxDriver
Capabilities {acceptInsecureCerts: true, browserName: firefox, browserVersion: 118.0.2, javascriptEnabled: true, moz:accessibilityChecks: false, moz:buildID: 20231009140911, moz:geckodriverVersion: 0.33.0, moz:headless: false, moz:platformVersion: 21.6.0, moz:processID: 10659, moz:profile: /var/folders/tv/gdz5bgzj6bx..., moz:shutdownTimeout: 60000, moz:webdriverClick: true, moz:windowless: false, pageLoadStrategy: normal, platform: MAC, platformName: MAC, proxy: Proxy(), setWindowRect: true, strictFileInteractability: false, timeouts: {implicit: 0, pageLoad: 300000, script: 30000}, unhandledPromptBehavior: dismiss and notify}
Session ID: c17bee2d-b3fc-433b-b83f-8a06e896d8d8

Example #3  Time elapsed: 0.93 s  <<< ERROR!
io.cucumber.core.exception.CucumberException: Failed to instantiate class co.wedevx.digitalbank.automation.ui.steps.RegistrationSteps
Caused by: java.lang.reflect.InvocationTargetException
Caused by: org.openqa.selenium.NoSuchWindowException: 
Browsing context has been discarded
Build info: version: '3.141.59', revision: 'e82be7d358', time: '2018-11-14T08:17:03'
System info: host: 'user1s-MacBook-Pro.local', ip: '2601:5c1:4401:43c0:0:0:0:525a%en0', os.name: 'Mac OS X', os.arch: 'x86_64', os.version: '12.6.8', java.version: '19.0.1'
Driver info: org.openqa.selenium.firefox.FirefoxDriver
Capabilities {acceptInsecureCerts: true, browserName: firefox, browserVersion: 118.0.2, javascriptEnabled: true, moz:accessibilityChecks: false, moz:buildID: 20231009140911, moz:geckodriverVersion: 0.33.0, moz:headless: false, moz:platformVersion: 21.6.0, moz:processID: 10659, moz:profile: /var/folders/tv/gdz5bgzj6bx..., moz:shutdownTimeout: 60000, moz:webdriverClick: true, moz:windowless: false, pageLoadStrategy: normal, platform: MAC, platformName: MAC, proxy: Proxy(), setWindowRect: true, strictFileInteractability: false, timeouts: {implicit: 0, pageLoad: 300000, script: 30000}, unhandledPromptBehavior: dismiss and notify}
Session ID: c17bee2d-b3fc-433b-b83f-8a06e896d8d8

Example #4  Time elapsed: 0.821 s  <<< ERROR!
io.cucumber.core.exception.CucumberException: Failed to instantiate class co.wedevx.digitalbank.automation.ui.steps.RegistrationSteps
Caused by: java.lang.reflect.InvocationTargetException
Caused by: org.openqa.selenium.NoSuchWindowException: 
Browsing context has been discarded
Build info: version: '3.141.59', revision: 'e82be7d358', time: '2018-11-14T08:17:03'
System info: host: 'user1s-MacBook-Pro.local', ip: '2601:5c1:4401:43c0:0:0:0:525a%en0', os.name: 'Mac OS X', os.arch: 'x86_64', os.version: '12.6.8', java.version: '19.0.1'
Driver info: org.openqa.selenium.firefox.FirefoxDriver
Capabilities {acceptInsecureCerts: true, browserName: firefox, browserVersion: 118.0.2, javascriptEnabled: true, moz:accessibilityChecks: false, moz:buildID: 20231009140911, moz:geckodriverVersion: 0.33.0, moz:headless: false, moz:platformVersion: 21.6.0, moz:processID: 10659, moz:profile: /var/folders/tv/gdz5bgzj6bx..., moz:shutdownTimeout: 60000, moz:webdriverClick: true, moz:windowless: false, pageLoadStrategy: normal, platform: MAC, platformName: MAC, proxy: Proxy(), setWindowRect: true, strictFileInteractability: false, timeouts: {implicit: 0, pageLoad: 300000, script: 30000}, unhandledPromptBehavior: dismiss and notify}
Session ID: c17bee2d-b3fc-433b-b83f-8a06e896d8d8

Example #5  Time elapsed: 1.107 s  <<< ERROR!
io.cucumber.core.exception.CucumberException: Failed to instantiate class co.wedevx.digitalbank.automation.ui.steps.RegistrationSteps
Caused by: java.lang.reflect.InvocationTargetException
Caused by: org.openqa.selenium.NoSuchWindowException: 
Browsing context has been discarded
Build info: version: '3.141.59', revision: 'e82be7d358', time: '2018-11-14T08:17:03'
System info: host: 'user1s-MacBook-Pro.local', ip: '2601:5c1:4401:43c0:0:0:0:525a%en0', os.name: 'Mac OS X', os.arch: 'x86_64', os.version: '12.6.8', java.version: '19.0.1'
Driver info: org.openqa.selenium.firefox.FirefoxDriver
Capabilities {acceptInsecureCerts: true, browserName: firefox, browserVersion: 118.0.2, javascriptEnabled: true, moz:accessibilityChecks: false, moz:buildID: 20231009140911, moz:geckodriverVersion: 0.33.0, moz:headless: false, moz:platformVersion: 21.6.0, moz:processID: 10659, moz:profile: /var/folders/tv/gdz5bgzj6bx..., moz:shutdownTimeout: 60000, moz:webdriverClick: true, moz:windowless: false, pageLoadStrategy: normal, platform: MAC, platformName: MAC, proxy: Proxy(), setWindowRect: true, strictFileInteractability: false, timeouts: {implicit: 0, pageLoad: 300000, script: 30000}, unhandledPromptBehavior: dismiss and notify}
Session ID: c17bee2d-b3fc-433b-b83f-8a06e896d8d8

Example #6  Time elapsed: 1.052 s  <<< ERROR!
io.cucumber.core.exception.CucumberException: Failed to instantiate class co.wedevx.digitalbank.automation.ui.steps.RegistrationSteps
Caused by: java.lang.reflect.InvocationTargetException
Caused by: org.openqa.selenium.NoSuchWindowException: 
Browsing context has been discarded
Build info: version: '3.141.59', revision: 'e82be7d358', time: '2018-11-14T08:17:03'
System info: host: 'user1s-MacBook-Pro.local', ip: '2601:5c1:4401:43c0:0:0:0:525a%en0', os.name: 'Mac OS X', os.arch: 'x86_64', os.version: '12.6.8', java.version: '19.0.1'
Driver info: org.openqa.selenium.firefox.FirefoxDriver
Capabilities {acceptInsecureCerts: true, browserName: firefox, browserVersion: 118.0.2, javascriptEnabled: true, moz:accessibilityChecks: false, moz:buildID: 20231009140911, moz:geckodriverVersion: 0.33.0, moz:headless: false, moz:platformVersion: 21.6.0, moz:processID: 10659, moz:profile: /var/folders/tv/gdz5bgzj6bx..., moz:shutdownTimeout: 60000, moz:webdriverClick: true, moz:windowless: false, pageLoadStrategy: normal, platform: MAC, platformName: MAC, proxy: Proxy(), setWindowRect: true, strictFileInteractability: false, timeouts: {implicit: 0, pageLoad: 300000, script: 30000}, unhandledPromptBehavior: dismiss and notify}
Session ID: c17bee2d-b3fc-433b-b83f-8a06e896d8d8

Example #7  Time elapsed: 0.839 s  <<< ERROR!
io.cucumber.core.exception.CucumberException: Failed to instantiate class co.wedevx.digitalbank.automation.ui.steps.RegistrationSteps
Caused by: java.lang.reflect.InvocationTargetException
Caused by: org.openqa.selenium.NoSuchWindowException: 
Browsing context has been discarded
Build info: version: '3.141.59', revision: 'e82be7d358', time: '2018-11-14T08:17:03'
System info: host: 'user1s-MacBook-Pro.local', ip: '2601:5c1:4401:43c0:0:0:0:525a%en0', os.name: 'Mac OS X', os.arch: 'x86_64', os.version: '12.6.8', java.version: '19.0.1'
Driver info: org.openqa.selenium.firefox.FirefoxDriver
Capabilities {acceptInsecureCerts: true, browserName: firefox, browserVersion: 118.0.2, javascriptEnabled: true, moz:accessibilityChecks: false, moz:buildID: 20231009140911, moz:geckodriverVersion: 0.33.0, moz:headless: false, moz:platformVersion: 21.6.0, moz:processID: 10659, moz:profile: /var/folders/tv/gdz5bgzj6bx..., moz:shutdownTimeout: 60000, moz:webdriverClick: true, moz:windowless: false, pageLoadStrategy: normal, platform: MAC, platformName: MAC, proxy: Proxy(), setWindowRect: true, strictFileInteractability: false, timeouts: {implicit: 0, pageLoad: 300000, script: 30000}, unhandledPromptBehavior: dismiss and notify}
Session ID: c17bee2d-b3fc-433b-b83f-8a06e896d8d8

Create a standard individual checking account  Time elapsed: 0.024 s  <<< ERROR!
org.openqa.selenium.NoSuchWindowException: 
Browsing context has been discarded
Build info: version: '3.141.59', revision: 'e82be7d358', time: '2018-11-14T08:17:03'
System info: host: 'user1s-MacBook-Pro.local', ip: '2601:5c1:4401:43c0:0:0:0:525a%en0', os.name: 'Mac OS X', os.arch: 'x86_64', os.version: '12.6.8', java.version: '19.0.1'
Driver info: org.openqa.selenium.firefox.FirefoxDriver
Capabilities {acceptInsecureCerts: true, browserName: firefox, browserVersion: 118.0.2, javascriptEnabled: true, moz:accessibilityChecks: false, moz:buildID: 20231009140911, moz:geckodriverVersion: 0.33.0, moz:headless: false, moz:platformVersion: 21.6.0, moz:processID: 10659, moz:profile: /var/folders/tv/gdz5bgzj6bx..., moz:shutdownTimeout: 60000, moz:webdriverClick: true, moz:windowless: false, pageLoadStrategy: normal, platform: MAC, platformName: MAC, proxy: Proxy(), setWindowRect: true, strictFileInteractability: false, timeouts: {implicit: 0, pageLoad: 300000, script: 30000}, unhandledPromptBehavior: dismiss and notify}
Session ID: c17bee2d-b3fc-433b-b83f-8a06e896d8d8

